TN:
SF:/Users/christian/dev/ctx-scope/index.js
FN:9,getImpl
FN:30,(anonymous_1)
FN:34,(anonymous_2)
FN:46,(anonymous_3)
FN:47,(anonymous_4)
FN:47,(anonymous_5)
FN:48,(anonymous_6)
FN:48,(anonymous_7)
FN:50,(anonymous_8)
FN:52,(anonymous_9)
FN:53,(anonymous_10)
FNF:11
FNH:11
FNDA:5,getImpl
FNDA:7,(anonymous_1)
FNDA:15,(anonymous_2)
FNDA:15,(anonymous_3)
FNDA:15,(anonymous_4)
FNDA:2,(anonymous_5)
FNDA:15,(anonymous_6)
FNDA:2,(anonymous_7)
FNDA:7,(anonymous_8)
FNDA:2,(anonymous_9)
FNDA:2,(anonymous_10)
DA:5,1
DA:10,5
DA:11,5
DA:12,5
DA:13,5
DA:15,5
DA:16,3
DA:19,2
DA:20,0
DA:22,2
DA:27,1
DA:31,7
DA:32,7
DA:34,7
DA:36,15
DA:39,15
DA:40,3
DA:43,15
DA:46,15
DA:47,15
DA:48,15
DA:50,7
DA:52,7
DA:53,7
DA:56,7
DA:58,7
DA:59,3
DA:62,4
LF:28
LH:27
BRDA:11,0,0,2
BRDA:11,0,1,3
BRDA:15,1,0,3
BRDA:15,1,1,2
BRDA:19,2,0,0
BRDA:19,2,1,2
BRDA:19,3,0,2
BRDA:19,3,1,2
BRDA:31,4,0,7
BRDA:31,4,1,6
BRDA:50,5,0,6
BRDA:50,5,1,1
BRDA:52,6,0,2
BRDA:52,6,1,5
BRDA:53,7,0,2
BRDA:53,7,1,5
BRDA:58,8,0,3
BRDA:58,8,1,4
BRF:18
BRH:17
end_of_record
